[0m10:22:44.873815 [debug] [MainThread]: Sending event: {'category': 'dbt', 'action': 'invocation', 'label': 'start', 'context': [<snowplow_tracker.self_describing_json.SelfDescribingJson object at 0x0000025DC70E41A0>, <snowplow_tracker.self_describing_json.SelfDescribingJson object at 0x0000025DC3ED5E50>, <snowplow_tracker.self_describing_json.SelfDescribingJson object at 0x0000025DC7F17ED0>]}


============================== 10:22:44.877072 | 16f36873-51d9-45bf-9d10-4111531e3007 ==============================
[0m10:22:44.877072 [info ] [MainThread]: Running with dbt=1.10.11
[0m10:22:44.877647 [debug] [MainThread]: running dbt with arguments {'partial_parse': 'True', 'write_json': 'True', 'send_anonymous_usage_stats': 'True', 'version_check': 'True', 'cache_selected_only': 'False', 'target_path': 'None', 'warn_error': 'None', 'invocation_command': 'dbt init poc_transformations_dbt', 'log_format': 'default', 'use_colors': 'True', 'introspect': 'True', 'debug': 'False', 'printer_width': '80', 'fail_fast': 'False', 'no_print': 'None', 'use_experimental_parser': 'False', 'quiet': 'False', 'empty': 'None', 'log_cache_events': 'False', 'indirect_selection': 'eager', 'log_path': 'logs', 'profiles_dir': 'C:\\Users\\Darck\\.dbt', 'warn_error_options': 'WarnErrorOptionsV2(error=[], warn=[], silence=[])', 'static_parser': 'True'}
[0m10:22:45.190486 [info ] [MainThread]: Creating dbt configuration folder at C:\Users\Darck\.dbt
[0m10:22:45.195900 [debug] [MainThread]: Starter project path: D:\Programming\glueEnv\Lib\site-packages\dbt\include\starter_project
[0m10:22:45.239014 [info ] [MainThread]: 
Your new dbt project "poc_transformations_dbt" was created!

For more information on how to configure the profiles.yml file,
please consult the dbt documentation here:

  https://docs.getdbt.com/docs/configure-your-profile

One more thing:

Need help? Don't hesitate to reach out to us via GitHub issues or on Slack:

  https://community.getdbt.com/

Happy modeling!

[0m10:22:45.239589 [info ] [MainThread]: Setting up your profile.
[0m10:22:55.607043 [debug] [MainThread]: Spark adapter: Setting pyhive.hive logging to ERROR
[0m10:22:55.607414 [debug] [MainThread]: Spark adapter: Setting thrift.transport logging to ERROR
[0m10:22:55.607655 [debug] [MainThread]: Spark adapter: Setting thrift.protocol logging to ERROR
[0m10:22:55.625641 [info ] [MainThread]: Profile poc_transformations_dbt written to C:\Users\Darck\.dbt\profiles.yml using target's sample configuration. Once updated, you'll be able to start developing with dbt.
[0m10:22:55.626609 [debug] [MainThread]: Command `dbt init` succeeded at 10:22:55.626516 after 10.84 seconds
[0m10:22:55.626886 [debug] [MainThread]: Sending event: {'category': 'dbt', 'action': 'invocation', 'label': 'end', 'context': [<snowplow_tracker.self_describing_json.SelfDescribingJson object at 0x0000025DC9A10B00>, <snowplow_tracker.self_describing_json.SelfDescribingJson object at 0x0000025DC9A185F0>, <snowplow_tracker.self_describing_json.SelfDescribingJson object at 0x0000025DC98409E0>]}
[0m10:22:55.627207 [debug] [MainThread]: Flushing usage events
[0m10:22:56.510450 [debug] [MainThread]: An error was encountered while trying to flush usage events
[0m10:34:14.493474 [debug] [MainThread]: Sending event: {'category': 'dbt', 'action': 'invocation', 'label': 'start', 'context': [<snowplow_tracker.self_describing_json.SelfDescribingJson object at 0x00000212AF7E41A0>, <snowplow_tracker.self_describing_json.SelfDescribingJson object at 0x00000212AD5DDE50>, <snowplow_tracker.self_describing_json.SelfDescribingJson object at 0x00000212B161BED0>]}


============================== 10:34:14.527915 | 3cc2cebd-952b-4e6b-8278-de67b495c322 ==============================
[0m10:34:14.527915 [info ] [MainThread]: Running with dbt=1.10.11
[0m10:34:14.528593 [debug] [MainThread]: running dbt with arguments {'partial_parse': 'True', 'warn_error_options': 'WarnErrorOptionsV2(error=[], warn=[], silence=[])', 'send_anonymous_usage_stats': 'True', 'version_check': 'True', 'cache_selected_only': 'False', 'target_path': 'None', 'warn_error': 'None', 'invocation_command': 'dbt debug', 'log_format': 'default', 'use_colors': 'True', 'introspect': 'True', 'debug': 'False', 'log_cache_events': 'False', 'fail_fast': 'False', 'no_print': 'None', 'empty': 'None', 'quiet': 'False', 'use_experimental_parser': 'False', 'printer_width': '80', 'log_path': 'logs', 'indirect_selection': 'eager', 'write_json': 'True', 'static_parser': 'True', 'profiles_dir': 'C:\\Users\\Darck\\.dbt'}
[0m10:34:14.692168 [info ] [MainThread]: dbt version: 1.10.11
[0m10:34:14.692631 [info ] [MainThread]: python version: 3.13.7
[0m10:34:14.692977 [info ] [MainThread]: python path: D:\Programming\glueEnv\Scripts\python.exe
[0m10:34:14.693309 [info ] [MainThread]: os info: Windows-11-10.0.26100-SP0
[0m10:34:14.704913 [info ] [MainThread]: Using profiles dir at C:\Users\Darck\.dbt
[0m10:34:14.705316 [info ] [MainThread]: Using profiles.yml file at C:\Users\Darck\.dbt\profiles.yml
[0m10:34:14.705685 [info ] [MainThread]: Using dbt_project.yml file at D:\Programming\aws-cdk-glue-dbt-test\dbt_project.yml
[0m10:34:14.706080 [info ] [MainThread]: Configuration:
[0m10:34:14.706385 [info ] [MainThread]:   profiles.yml file [[31mERROR invalid[0m]
[0m10:34:14.706662 [info ] [MainThread]:   dbt_project.yml file [[31mERROR not found[0m]
[0m10:34:14.706920 [info ] [MainThread]: Required dependencies:
[0m10:34:14.707192 [debug] [MainThread]: Executing "git --help"
[0m10:34:14.735986 [debug] [MainThread]: STDOUT: "b"usage: git [-v | --version] [-h | --help] [-C <path>] [-c <name>=<value>]\n           [--exec-path[=<path>]] [--html-path] [--man-path] [--info-path]\n           [-p | --paginate | -P | --no-pager] [--no-replace-objects] [--no-lazy-fetch]\n           [--no-optional-locks] [--no-advice] [--bare] [--git-dir=<path>]\n           [--work-tree=<path>] [--namespace=<name>] [--config-env=<name>=<envvar>]\n           <command> [<args>]\n\nThese are common Git commands used in various situations:\n\nstart a working area (see also: git help tutorial)\n   clone      Clone a repository into a new directory\n   init       Create an empty Git repository or reinitialize an existing one\n\nwork on the current change (see also: git help everyday)\n   add        Add file contents to the index\n   mv         Move or rename a file, a directory, or a symlink\n   restore    Restore working tree files\n   rm         Remove files from the working tree and from the index\n\nexamine the history and state (see also: git help revisions)\n   bisect     Use binary search to find the commit that introduced a bug\n   diff       Show changes between commits, commit and working tree, etc\n   grep       Print lines matching a pattern\n   log        Show commit logs\n   show       Show various types of objects\n   status     Show the working tree status\n\ngrow, mark and tweak your common history\n   backfill   Download missing objects in a partial clone\n   branch     List, create, or delete branches\n   commit     Record changes to the repository\n   merge      Join two or more development histories together\n   rebase     Reapply commits on top of another base tip\n   reset      Reset current HEAD to the specified state\n   switch     Switch branches\n   tag        Create, list, delete or verify a tag object signed with GPG\n\ncollaborate (see also: git help workflows)\n   fetch      Download objects and refs from another repository\n   pull       Fetch from and integrate with another repository or a local branch\n   push       Update remote refs along with associated objects\n\n'git help -a' and 'git help -g' list available subcommands and some\nconcept guides. See 'git help <command>' or 'git help <concept>'\nto read about a specific subcommand or concept.\nSee 'git help git' for an overview of the system.\n""
[0m10:34:14.736397 [debug] [MainThread]: STDERR: "b''"
[0m10:34:14.736754 [info ] [MainThread]:  - git [[32mOK found[0m]

[0m10:34:14.737103 [info ] [MainThread]: Connection test skipped since no profile was found
[0m10:34:14.737511 [info ] [MainThread]: [31m2 checks failed:[0m
[0m10:34:14.737935 [info ] [MainThread]: Could not load dbt_project.yml
Profile loading failed for the following reason:
Runtime Error
  Compilation Error
    Could not render dbt_test_{{ var('_dbt_random_suffix') }}: Required var '_dbt_random_suffix' not found in config:
    Vars supplied to <Configuration> = {}


[0m10:34:14.738297 [info ] [MainThread]: Project loading failed for the following reason:
 project path <D:\Programming\aws-cdk-glue-dbt-test\dbt_project.yml> not found

[0m10:34:14.738953 [debug] [MainThread]: Command `dbt debug` failed at 10:34:14.738861 after 0.34 seconds
[0m10:34:14.739255 [debug] [MainThread]: Sending event: {'category': 'dbt', 'action': 'invocation', 'label': 'end', 'context': [<snowplow_tracker.self_describing_json.SelfDescribingJson object at 0x00000212B16A2520>, <snowplow_tracker.self_describing_json.SelfDescribingJson object at 0x00000212B16B7890>, <snowplow_tracker.self_describing_json.SelfDescribingJson object at 0x00000212B1710050>]}
[0m10:34:14.739555 [debug] [MainThread]: Flushing usage events
[0m10:34:15.519255 [debug] [MainThread]: An error was encountered while trying to flush usage events
[0m10:34:43.955653 [debug] [MainThread]: Sending event: {'category': 'dbt', 'action': 'invocation', 'label': 'start', 'context': [<snowplow_tracker.self_describing_json.SelfDescribingJson object at 0x00000206CC5E41A0>, <snowplow_tracker.self_describing_json.SelfDescribingJson object at 0x00000206CA3ADE50>, <snowplow_tracker.self_describing_json.SelfDescribingJson object at 0x00000206CE41BED0>]}


============================== 10:34:43.958918 | 16b750b2-1142-42e2-a5e6-87d53761c697 ==============================
[0m10:34:43.958918 [info ] [MainThread]: Running with dbt=1.10.11
[0m10:34:43.959480 [debug] [MainThread]: running dbt with arguments {'partial_parse': 'True', 'profiles_dir': 'C:\\Users\\Darck\\.dbt', 'send_anonymous_usage_stats': 'True', 'use_colors': 'True', 'cache_selected_only': 'False', 'target_path': 'None', 'warn_error': 'None', 'invocation_command': 'dbt debug', 'log_format': 'default', 'version_check': 'True', 'introspect': 'True', 'debug': 'False', 'printer_width': '80', 'fail_fast': 'False', 'no_print': 'None', 'empty': 'None', 'use_experimental_parser': 'False', 'quiet': 'False', 'log_cache_events': 'False', 'indirect_selection': 'eager', 'log_path': 'logs', 'write_json': 'True', 'warn_error_options': 'WarnErrorOptionsV2(error=[], warn=[], silence=[])', 'static_parser': 'True'}
[0m10:34:43.972330 [info ] [MainThread]: dbt version: 1.10.11
[0m10:34:43.972632 [info ] [MainThread]: python version: 3.13.7
[0m10:34:43.972975 [info ] [MainThread]: python path: D:\Programming\glueEnv\Scripts\python.exe
[0m10:34:43.973310 [info ] [MainThread]: os info: Windows-11-10.0.26100-SP0
[0m10:34:43.977571 [info ] [MainThread]: Using profiles dir at C:\Users\Darck\.dbt
[0m10:34:43.977985 [info ] [MainThread]: Using profiles.yml file at C:\Users\Darck\.dbt\profiles.yml
[0m10:34:43.978368 [info ] [MainThread]: Using dbt_project.yml file at D:\Programming\aws-cdk-glue-dbt-test\dbt_project.yml
[0m10:34:43.978768 [info ] [MainThread]: Configuration:
[0m10:34:43.979052 [info ] [MainThread]:   profiles.yml file [[31mERROR invalid[0m]
[0m10:34:43.979345 [info ] [MainThread]:   dbt_project.yml file [[31mERROR not found[0m]
[0m10:34:43.979646 [info ] [MainThread]: Required dependencies:
[0m10:34:43.979932 [debug] [MainThread]: Executing "git --help"
[0m10:34:44.007319 [debug] [MainThread]: STDOUT: "b"usage: git [-v | --version] [-h | --help] [-C <path>] [-c <name>=<value>]\n           [--exec-path[=<path>]] [--html-path] [--man-path] [--info-path]\n           [-p | --paginate | -P | --no-pager] [--no-replace-objects] [--no-lazy-fetch]\n           [--no-optional-locks] [--no-advice] [--bare] [--git-dir=<path>]\n           [--work-tree=<path>] [--namespace=<name>] [--config-env=<name>=<envvar>]\n           <command> [<args>]\n\nThese are common Git commands used in various situations:\n\nstart a working area (see also: git help tutorial)\n   clone      Clone a repository into a new directory\n   init       Create an empty Git repository or reinitialize an existing one\n\nwork on the current change (see also: git help everyday)\n   add        Add file contents to the index\n   mv         Move or rename a file, a directory, or a symlink\n   restore    Restore working tree files\n   rm         Remove files from the working tree and from the index\n\nexamine the history and state (see also: git help revisions)\n   bisect     Use binary search to find the commit that introduced a bug\n   diff       Show changes between commits, commit and working tree, etc\n   grep       Print lines matching a pattern\n   log        Show commit logs\n   show       Show various types of objects\n   status     Show the working tree status\n\ngrow, mark and tweak your common history\n   backfill   Download missing objects in a partial clone\n   branch     List, create, or delete branches\n   commit     Record changes to the repository\n   merge      Join two or more development histories together\n   rebase     Reapply commits on top of another base tip\n   reset      Reset current HEAD to the specified state\n   switch     Switch branches\n   tag        Create, list, delete or verify a tag object signed with GPG\n\ncollaborate (see also: git help workflows)\n   fetch      Download objects and refs from another repository\n   pull       Fetch from and integrate with another repository or a local branch\n   push       Update remote refs along with associated objects\n\n'git help -a' and 'git help -g' list available subcommands and some\nconcept guides. See 'git help <command>' or 'git help <concept>'\nto read about a specific subcommand or concept.\nSee 'git help git' for an overview of the system.\n""
[0m10:34:44.007764 [debug] [MainThread]: STDERR: "b''"
[0m10:34:44.008152 [info ] [MainThread]:  - git [[32mOK found[0m]

[0m10:34:44.008601 [info ] [MainThread]: Connection test skipped since no profile was found
[0m10:34:44.009120 [info ] [MainThread]: [31m2 checks failed:[0m
[0m10:34:44.009498 [info ] [MainThread]: Could not load dbt_project.yml
Profile loading failed for the following reason:
Runtime Error
  Compilation Error
    Could not render dbt_test_{{ var('_dbt_random_suffix') }}: Required var '_dbt_random_suffix' not found in config:
    Vars supplied to <Configuration> = {}


[0m10:34:44.009864 [info ] [MainThread]: Project loading failed for the following reason:
 project path <D:\Programming\aws-cdk-glue-dbt-test\dbt_project.yml> not found

[0m10:34:44.010503 [debug] [MainThread]: Command `dbt debug` failed at 10:34:44.010413 after 0.14 seconds
[0m10:34:44.010799 [debug] [MainThread]: Sending event: {'category': 'dbt', 'action': 'invocation', 'label': 'end', 'context': [<snowplow_tracker.self_describing_json.SelfDescribingJson object at 0x00000206CE4A2520>, <snowplow_tracker.self_describing_json.SelfDescribingJson object at 0x00000206CE4B7890>, <snowplow_tracker.self_describing_json.SelfDescribingJson object at 0x00000206CE510050>]}
[0m10:34:44.011102 [debug] [MainThread]: Flushing usage events
[0m10:34:44.668887 [debug] [MainThread]: An error was encountered while trying to flush usage events
[0m10:38:26.241965 [debug] [MainThread]: Sending event: {'category': 'dbt', 'action': 'invocation', 'label': 'start', 'context': [<snowplow_tracker.self_describing_json.SelfDescribingJson object at 0x000001D16A4E41A0>, <snowplow_tracker.self_describing_json.SelfDescribingJson object at 0x000001D16839DE50>, <snowplow_tracker.self_describing_json.SelfDescribingJson object at 0x000001D16C31BED0>]}


============================== 10:38:26.245176 | b1cd29ce-90a4-4098-9fc9-327ba71a566e ==============================
[0m10:38:26.245176 [info ] [MainThread]: Running with dbt=1.10.11
[0m10:38:26.245718 [debug] [MainThread]: running dbt with arguments {'partial_parse': 'True', 'warn_error_options': 'WarnErrorOptionsV2(error=[], warn=[], silence=[])', 'send_anonymous_usage_stats': 'True', 'use_colors': 'True', 'cache_selected_only': 'False', 'target_path': 'None', 'version_check': 'True', 'invocation_command': 'dbt debug', 'log_format': 'default', 'warn_error': 'None', 'introspect': 'True', 'debug': 'False', 'printer_width': '80', 'fail_fast': 'False', 'no_print': 'None', 'quiet': 'False', 'empty': 'None', 'log_cache_events': 'False', 'use_experimental_parser': 'False', 'log_path': 'logs', 'indirect_selection': 'eager', 'profiles_dir': 'C:\\Users\\Darck\\.dbt', 'static_parser': 'True', 'write_json': 'True'}
[0m10:38:26.258262 [info ] [MainThread]: dbt version: 1.10.11
[0m10:38:26.258609 [info ] [MainThread]: python version: 3.13.7
[0m10:38:26.258948 [info ] [MainThread]: python path: D:\Programming\glueEnv\Scripts\python.exe
[0m10:38:26.259295 [info ] [MainThread]: os info: Windows-11-10.0.26100-SP0
[0m10:38:26.263541 [info ] [MainThread]: Using profiles dir at C:\Users\Darck\.dbt
[0m10:38:26.263992 [info ] [MainThread]: Using profiles.yml file at C:\Users\Darck\.dbt\profiles.yml
[0m10:38:26.264342 [info ] [MainThread]: Using dbt_project.yml file at D:\Programming\aws-cdk-glue-dbt-test\dbt_project.yml
[0m10:38:26.264760 [info ] [MainThread]: Configuration:
[0m10:38:26.265080 [info ] [MainThread]:   profiles.yml file [[31mERROR invalid[0m]
[0m10:38:26.265391 [info ] [MainThread]:   dbt_project.yml file [[31mERROR not found[0m]
[0m10:38:26.265663 [info ] [MainThread]: Required dependencies:
[0m10:38:26.265935 [debug] [MainThread]: Executing "git --help"
[0m10:38:26.293841 [debug] [MainThread]: STDOUT: "b"usage: git [-v | --version] [-h | --help] [-C <path>] [-c <name>=<value>]\n           [--exec-path[=<path>]] [--html-path] [--man-path] [--info-path]\n           [-p | --paginate | -P | --no-pager] [--no-replace-objects] [--no-lazy-fetch]\n           [--no-optional-locks] [--no-advice] [--bare] [--git-dir=<path>]\n           [--work-tree=<path>] [--namespace=<name>] [--config-env=<name>=<envvar>]\n           <command> [<args>]\n\nThese are common Git commands used in various situations:\n\nstart a working area (see also: git help tutorial)\n   clone      Clone a repository into a new directory\n   init       Create an empty Git repository or reinitialize an existing one\n\nwork on the current change (see also: git help everyday)\n   add        Add file contents to the index\n   mv         Move or rename a file, a directory, or a symlink\n   restore    Restore working tree files\n   rm         Remove files from the working tree and from the index\n\nexamine the history and state (see also: git help revisions)\n   bisect     Use binary search to find the commit that introduced a bug\n   diff       Show changes between commits, commit and working tree, etc\n   grep       Print lines matching a pattern\n   log        Show commit logs\n   show       Show various types of objects\n   status     Show the working tree status\n\ngrow, mark and tweak your common history\n   backfill   Download missing objects in a partial clone\n   branch     List, create, or delete branches\n   commit     Record changes to the repository\n   merge      Join two or more development histories together\n   rebase     Reapply commits on top of another base tip\n   reset      Reset current HEAD to the specified state\n   switch     Switch branches\n   tag        Create, list, delete or verify a tag object signed with GPG\n\ncollaborate (see also: git help workflows)\n   fetch      Download objects and refs from another repository\n   pull       Fetch from and integrate with another repository or a local branch\n   push       Update remote refs along with associated objects\n\n'git help -a' and 'git help -g' list available subcommands and some\nconcept guides. See 'git help <command>' or 'git help <concept>'\nto read about a specific subcommand or concept.\nSee 'git help git' for an overview of the system.\n""
[0m10:38:26.294262 [debug] [MainThread]: STDERR: "b''"
[0m10:38:26.294613 [info ] [MainThread]:  - git [[32mOK found[0m]

[0m10:38:26.294969 [info ] [MainThread]: Connection test skipped since no profile was found
[0m10:38:26.295379 [info ] [MainThread]: [31m2 checks failed:[0m
[0m10:38:26.295666 [info ] [MainThread]: Could not load dbt_project.yml
Profile loading failed for the following reason:
Runtime Error
  Compilation Error
    Could not render dbt_test_{{ var('_dbt_random_suffix') }}: Required var '_dbt_random_suffix' not found in config:
    Vars supplied to <Configuration> = {}


[0m10:38:26.295984 [info ] [MainThread]: Project loading failed for the following reason:
 project path <D:\Programming\aws-cdk-glue-dbt-test\dbt_project.yml> not found

[0m10:38:26.296588 [debug] [MainThread]: Command `dbt debug` failed at 10:38:26.296502 after 0.13 seconds
[0m10:38:26.296884 [debug] [MainThread]: Sending event: {'category': 'dbt', 'action': 'invocation', 'label': 'end', 'context': [<snowplow_tracker.self_describing_json.SelfDescribingJson object at 0x000001D16C3A2520>, <snowplow_tracker.self_describing_json.SelfDescribingJson object at 0x000001D16C3B7890>, <snowplow_tracker.self_describing_json.SelfDescribingJson object at 0x000001D16C410050>]}
[0m10:38:26.297183 [debug] [MainThread]: Flushing usage events
[0m10:38:27.109659 [debug] [MainThread]: An error was encountered while trying to flush usage events
[0m14:25:18.187658 [debug] [MainThread]: Sending event: {'category': 'dbt', 'action': 'invocation', 'label': 'start', 'context': [<snowplow_tracker.self_describing_json.SelfDescribingJson object at 0x000002A85A2E41A0>, <snowplow_tracker.self_describing_json.SelfDescribingJson object at 0x000002A85919DE50>, <snowplow_tracker.self_describing_json.SelfDescribingJson object at 0x000002A85C11BED0>]}


============================== 14:25:18.227291 | 049851f9-5f6d-4d07-954f-836b6d5492be ==============================
[0m14:25:18.227291 [info ] [MainThread]: Running with dbt=1.10.11
[0m14:25:18.227833 [debug] [MainThread]: running dbt with arguments {'partial_parse': 'True', 'static_parser': 'True', 'send_anonymous_usage_stats': 'True', 'warn_error': 'None', 'cache_selected_only': 'False', 'target_path': 'None', 'version_check': 'True', 'invocation_command': 'dbt init', 'log_format': 'default', 'use_colors': 'True', 'introspect': 'True', 'debug': 'False', 'printer_width': '80', 'fail_fast': 'False', 'no_print': 'None', 'use_experimental_parser': 'False', 'empty': 'None', 'quiet': 'False', 'log_cache_events': 'False', 'indirect_selection': 'eager', 'log_path': 'logs', 'write_json': 'True', 'warn_error_options': 'WarnErrorOptionsV2(error=[], warn=[], silence=[])', 'profiles_dir': 'C:\\Users\\Darck\\.dbt'}
[0m14:25:45.071586 [debug] [MainThread]: Starter project path: D:\Programming\glueEnv\Lib\site-packages\dbt\include\starter_project
[0m14:25:45.195926 [info ] [MainThread]: 
Your new dbt project "poc_transformations" was created!

For more information on how to configure the profiles.yml file,
please consult the dbt documentation here:

  https://docs.getdbt.com/docs/configure-your-profile

One more thing:

Need help? Don't hesitate to reach out to us via GitHub issues or on Slack:

  https://community.getdbt.com/

Happy modeling!

[0m14:25:45.196386 [info ] [MainThread]: Setting up your profile.
[0m14:25:56.329965 [debug] [MainThread]: Spark adapter: Setting pyhive.hive logging to ERROR
[0m14:25:56.330361 [debug] [MainThread]: Spark adapter: Setting thrift.transport logging to ERROR
[0m14:25:56.330618 [debug] [MainThread]: Spark adapter: Setting thrift.protocol logging to ERROR
[0m14:25:56.352310 [debug] [MainThread]: Command `dbt init` succeeded at 14:25:56.352169 after 38.27 seconds
[0m14:25:56.352647 [debug] [MainThread]: Sending event: {'category': 'dbt', 'action': 'invocation', 'label': 'end', 'context': [<snowplow_tracker.self_describing_json.SelfDescribingJson object at 0x000002A85CC308A0>, <snowplow_tracker.self_describing_json.SelfDescribingJson object at 0x000002A85CC384D0>, <snowplow_tracker.self_describing_json.SelfDescribingJson object at 0x000002A85CA61BF0>]}
[0m14:25:56.352983 [debug] [MainThread]: Flushing usage events
[0m14:25:57.308767 [debug] [MainThread]: An error was encountered while trying to flush usage events
[0m14:37:05.766762 [debug] [MainThread]: Sending event: {'category': 'dbt', 'action': 'invocation', 'label': 'start', 'context': [<snowplow_tracker.self_describing_json.SelfDescribingJson object at 0x000002AB094E41A0>, <snowplow_tracker.self_describing_json.SelfDescribingJson object at 0x000002AB07399E50>, <snowplow_tracker.self_describing_json.SelfDescribingJson object at 0x000002AB0B317ED0>]}


============================== 14:37:05.804740 | 60f0fb83-0a88-4b84-b8cc-1112ffa852bc ==============================
[0m14:37:05.804740 [info ] [MainThread]: Running with dbt=1.10.11
[0m14:37:05.805434 [debug] [MainThread]: running dbt with arguments {'partial_parse': 'True', 'static_parser': 'True', 'send_anonymous_usage_stats': 'True', 'version_check': 'True', 'cache_selected_only': 'False', 'target_path': 'None', 'use_colors': 'True', 'invocation_command': 'dbt debug --profiles-dir .\\profiles\\', 'log_format': 'default', 'warn_error': 'None', 'introspect': 'True', 'debug': 'False', 'log_cache_events': 'False', 'fail_fast': 'False', 'no_print': 'None', 'quiet': 'False', 'use_experimental_parser': 'False', 'printer_width': '80', 'empty': 'None', 'log_path': 'logs', 'indirect_selection': 'eager', 'write_json': 'True', 'warn_error_options': 'WarnErrorOptionsV2(error=[], warn=[], silence=[])', 'profiles_dir': '.\\profiles\\'}
[0m14:37:05.855661 [info ] [MainThread]: dbt version: 1.10.11
[0m14:37:05.856130 [info ] [MainThread]: python version: 3.13.7
[0m14:37:05.856510 [info ] [MainThread]: python path: D:\Programming\glueEnv\Scripts\python.exe
[0m14:37:05.856832 [info ] [MainThread]: os info: Windows-11-10.0.26100-SP0
[0m14:37:05.857119 [info ] [MainThread]: Using profiles dir at .\profiles\
[0m14:37:05.857366 [info ] [MainThread]: Using profiles.yml file at .\profiles\profiles.yml
[0m14:37:05.857603 [info ] [MainThread]: Using dbt_project.yml file at D:\Programming\aws-cdk-glue-dbt-test\dbt_project.yml
[0m14:37:05.857869 [info ] [MainThread]: Configuration:
[0m14:37:05.858116 [info ] [MainThread]:   profiles.yml file [[31mERROR not found[0m]
[0m14:37:05.858359 [info ] [MainThread]:   dbt_project.yml file [[31mERROR not found[0m]
[0m14:37:05.858599 [info ] [MainThread]: Required dependencies:
[0m14:37:05.858854 [debug] [MainThread]: Executing "git --help"
[0m14:37:05.889835 [debug] [MainThread]: STDOUT: "b"usage: git [-v | --version] [-h | --help] [-C <path>] [-c <name>=<value>]\n           [--exec-path[=<path>]] [--html-path] [--man-path] [--info-path]\n           [-p | --paginate | -P | --no-pager] [--no-replace-objects] [--no-lazy-fetch]\n           [--no-optional-locks] [--no-advice] [--bare] [--git-dir=<path>]\n           [--work-tree=<path>] [--namespace=<name>] [--config-env=<name>=<envvar>]\n           <command> [<args>]\n\nThese are common Git commands used in various situations:\n\nstart a working area (see also: git help tutorial)\n   clone      Clone a repository into a new directory\n   init       Create an empty Git repository or reinitialize an existing one\n\nwork on the current change (see also: git help everyday)\n   add        Add file contents to the index\n   mv         Move or rename a file, a directory, or a symlink\n   restore    Restore working tree files\n   rm         Remove files from the working tree and from the index\n\nexamine the history and state (see also: git help revisions)\n   bisect     Use binary search to find the commit that introduced a bug\n   diff       Show changes between commits, commit and working tree, etc\n   grep       Print lines matching a pattern\n   log        Show commit logs\n   show       Show various types of objects\n   status     Show the working tree status\n\ngrow, mark and tweak your common history\n   backfill   Download missing objects in a partial clone\n   branch     List, create, or delete branches\n   commit     Record changes to the repository\n   merge      Join two or more development histories together\n   rebase     Reapply commits on top of another base tip\n   reset      Reset current HEAD to the specified state\n   switch     Switch branches\n   tag        Create, list, delete or verify a tag object signed with GPG\n\ncollaborate (see also: git help workflows)\n   fetch      Download objects and refs from another repository\n   pull       Fetch from and integrate with another repository or a local branch\n   push       Update remote refs along with associated objects\n\n'git help -a' and 'git help -g' list available subcommands and some\nconcept guides. See 'git help <command>' or 'git help <concept>'\nto read about a specific subcommand or concept.\nSee 'git help git' for an overview of the system.\n""
[0m14:37:05.890346 [debug] [MainThread]: STDERR: "b''"
[0m14:37:05.890715 [info ] [MainThread]:  - git [[32mOK found[0m]

[0m14:37:05.891033 [info ] [MainThread]: Connection test skipped since no profile was found
[0m14:37:05.891406 [info ] [MainThread]: [31m2 checks failed:[0m
[0m14:37:05.891767 [info ] [MainThread]: dbt looked for a profiles.yml file in .\profiles\profiles.yml, but did
not find one. For more information on configuring your profile, consult the
documentation:

https://docs.getdbt.com/docs/configure-your-profile


[0m14:37:05.892157 [info ] [MainThread]: Project loading failed for the following reason:
 project path <D:\Programming\aws-cdk-glue-dbt-test\dbt_project.yml> not found

[0m14:37:05.892858 [debug] [MainThread]: Command `dbt debug` failed at 14:37:05.892768 after 0.23 seconds
[0m14:37:05.893162 [debug] [MainThread]: Sending event: {'category': 'dbt', 'action': 'invocation', 'label': 'end', 'context': [<snowplow_tracker.self_describing_json.SelfDescribingJson object at 0x000002AB0B3A1480>, <snowplow_tracker.self_describing_json.SelfDescribingJson object at 0x000002AB0B206330>, <snowplow_tracker.self_describing_json.SelfDescribingJson object at 0x000002AB0B1FCE20>]}
[0m14:37:05.893475 [debug] [MainThread]: Flushing usage events
[0m14:37:07.121300 [debug] [MainThread]: An error was encountered while trying to flush usage events
